/home/athithan1/prac/Poster-Downloader/poster_bot_v2.py:461: DeprecationWarning: There is no current event loop
  loop = asyncio.get_event_loop()
2025-05-04 14:30:12,410 - httpx - INFO - HTTP Request: POST https://api.telegram.org/bot8068956847:AAGhaww4_8cLJune7Qsl615oEf5xvHky6XI/deleteWebhook "HTTP/1.1 200 OK"
2025-05-04 14:30:12,411 - __main__ - INFO - Deleted webhook and dropped pending updates
/home/athithan1/prac/Poster-Downloader/poster_bot_v2.py:471: PTBUserWarning: If 'per_message=False', 'CallbackQueryHandler' will not be tracked for every message. Read this FAQ entry to learn more about the per_* settings: https://github.com/python-telegram-bot/python-telegram-bot/wiki/Frequently-Asked-Questions#what-do-the-per_-settings-in-conversationhandler-do.
  conv_handler = ConversationHandler(
2025-05-04 14:30:12,412 - __main__ - INFO - Starting bot with polling...
2025-05-04 14:30:12,631 - httpx - INFO - HTTP Request: POST https://api.telegram.org/bot8068956847:AAGhaww4_8cLJune7Qsl615oEf5xvHky6XI/getMe "HTTP/1.1 200 OK"
2025-05-04 14:30:12,829 - httpx - INFO - HTTP Request: POST https://api.telegram.org/bot8068956847:AAGhaww4_8cLJune7Qsl615oEf5xvHky6XI/deleteWebhook "HTTP/1.1 200 OK"
2025-05-04 14:30:12,830 - apscheduler.scheduler - INFO - Scheduler started
2025-05-04 14:30:12,830 - telegram.ext.Application - INFO - Application started
2025-05-04 14:30:23,386 - httpx - INFO - HTTP Request: POST https://api.telegram.org/bot8068956847:AAGhaww4_8cLJune7Qsl615oEf5xvHky6XI/getUpdates "HTTP/1.1 200 OK"
2025-05-04 14:30:33,585 - httpx - INFO - HTTP Request: POST https://api.telegram.org/bot8068956847:AAGhaww4_8cLJune7Qsl615oEf5xvHky6XI/getUpdates "HTTP/1.1 200 OK"
2025-05-04 14:30:43,771 - httpx - INFO - HTTP Request: POST https://api.telegram.org/bot8068956847:AAGhaww4_8cLJune7Qsl615oEf5xvHky6XI/getUpdates "HTTP/1.1 200 OK"
2025-05-04 14:30:53,957 - httpx - INFO - HTTP Request: POST https://api.telegram.org/bot8068956847:AAGhaww4_8cLJune7Qsl615oEf5xvHky6XI/getUpdates "HTTP/1.1 200 OK"
2025-05-04 14:31:04,153 - httpx - INFO - HTTP Request: POST https://api.telegram.org/bot8068956847:AAGhaww4_8cLJune7Qsl615oEf5xvHky6XI/getUpdates "HTTP/1.1 200 OK"
2025-05-04 14:31:14,341 - httpx - INFO - HTTP Request: POST https://api.telegram.org/bot8068956847:AAGhaww4_8cLJune7Qsl615oEf5xvHky6XI/getUpdates "HTTP/1.1 200 OK"
2025-05-04 14:31:24,532 - httpx - INFO - HTTP Request: POST https://api.telegram.org/bot8068956847:AAGhaww4_8cLJune7Qsl615oEf5xvHky6XI/getUpdates "HTTP/1.1 200 OK"
2025-05-04 14:31:34,720 - httpx - INFO - HTTP Request: POST https://api.telegram.org/bot8068956847:AAGhaww4_8cLJune7Qsl615oEf5xvHky6XI/getUpdates "HTTP/1.1 200 OK"
2025-05-04 14:31:44,906 - httpx - INFO - HTTP Request: POST https://api.telegram.org/bot8068956847:AAGhaww4_8cLJune7Qsl615oEf5xvHky6XI/getUpdates "HTTP/1.1 200 OK"
2025-05-04 14:31:55,094 - httpx - INFO - HTTP Request: POST https://api.telegram.org/bot8068956847:AAGhaww4_8cLJune7Qsl615oEf5xvHky6XI/getUpdates "HTTP/1.1 200 OK"
2025-05-04 14:32:05,282 - httpx - INFO - HTTP Request: POST https://api.telegram.org/bot8068956847:AAGhaww4_8cLJune7Qsl615oEf5xvHky6XI/getUpdates "HTTP/1.1 200 OK"
2025-05-04 14:32:15,471 - httpx - INFO - HTTP Request: POST https://api.telegram.org/bot8068956847:AAGhaww4_8cLJune7Qsl615oEf5xvHky6XI/getUpdates "HTTP/1.1 200 OK"
2025-05-04 14:32:25,658 - httpx - INFO - HTTP Request: POST https://api.telegram.org/bot8068956847:AAGhaww4_8cLJune7Qsl615oEf5xvHky6XI/getUpdates "HTTP/1.1 200 OK"
2025-05-04 14:32:35,845 - httpx - INFO - HTTP Request: POST https://api.telegram.org/bot8068956847:AAGhaww4_8cLJune7Qsl615oEf5xvHky6XI/getUpdates "HTTP/1.1 200 OK"
2025-05-04 14:32:46,037 - httpx - INFO - HTTP Request: POST https://api.telegram.org/bot8068956847:AAGhaww4_8cLJune7Qsl615oEf5xvHky6XI/getUpdates "HTTP/1.1 200 OK"
2025-05-04 14:32:56,223 - httpx - INFO - HTTP Request: POST https://api.telegram.org/bot8068956847:AAGhaww4_8cLJune7Qsl615oEf5xvHky6XI/getUpdates "HTTP/1.1 200 OK"
2025-05-04 14:33:06,420 - httpx - INFO - HTTP Request: POST https://api.telegram.org/bot8068956847:AAGhaww4_8cLJune7Qsl615oEf5xvHky6XI/getUpdates "HTTP/1.1 200 OK"
